<?xml version="1.0" encoding="UTF-8"?>
<testsuite name="quantity_measurement.QuantityMeasurementTest" tests="1" skipped="0" failures="0" errors="0" timestamp="2020-01-27T12:15:57" hostname="admin1-HP-EliteBook-Folio-9480m" time="0.004">
  <properties/>
  <testcase name="whenGivenNullValue_shouldThrowNullException" classname="quantity_measurement.QuantityMeasurementTest" time="0.004"/>
  <system-out><![CDATA[]]></system-out>
  <system-err><![CDATA[]]></system-err>
</testsuite>
