<?xml version="1.0" encoding="UTF-8"?>
<testsuite name="quantity_measurement.QuantityMeasurementTest" tests="1" skipped="0" failures="0" errors="0" timestamp="2020-01-29T05:06:50" hostname="admin1-HP-EliteBook-Folio-9480m" time="0.002">
  <properties/>
  <testcase name="whenGivenTwoInchAndTwoPointFiveCm_shouldReturnThreeInches" classname="quantity_measurement.QuantityMeasurementTest" time="0.002"/>
  <system-out><![CDATA[]]></system-out>
  <system-err><![CDATA[]]></system-err>
</testsuite>
