<?xml version="1.0" encoding="UTF-8"?>
<testsuite name="quantity_measurement.LengthMeasurementTest" tests="9" skipped="0" failures="0" errors="0" timestamp="2020-01-28T07:01:09" hostname="admin1-HP-EliteBook-Folio-9480m" time="0.008">
  <properties/>
  <testcase name="whenGivenZeroInchOrZeroInch_ShouldReturnEquals" classname="quantity_measurement.LengthMeasurementTest" time="0.001"/>
  <testcase name="whenGivenReference_shouldReturnEqual" classname="quantity_measurement.LengthMeasurementTest" time="0.0"/>
  <testcase name="whenGivenOneFeetAndOneInch_shouldReturnNotEquals" classname="quantity_measurement.LengthMeasurementTest" time="0.003"/>
  <testcase name="whenGivenNullValueForInch_shouldThrowNullException" classname="quantity_measurement.LengthMeasurementTest" time="0.0"/>
  <testcase name="whenGivenZeroFeetOrZeroFeet_ShouldReturnEquals" classname="quantity_measurement.LengthMeasurementTest" time="0.0"/>
  <testcase name="whenGivenInchReference_shouldReturnEqual" classname="quantity_measurement.LengthMeasurementTest" time="0.0"/>
  <testcase name="whenGivenTypeCheckForInch_ShouldReturnEquals" classname="quantity_measurement.LengthMeasurementTest" time="0.0"/>
  <testcase name="whenGivenNullValue_shouldThrowNullException" classname="quantity_measurement.LengthMeasurementTest" time="0.001"/>
  <testcase name="whenGivenTypeCheckForFeet_ShouldReturnEquals" classname="quantity_measurement.LengthMeasurementTest" time="0.0"/>
  <system-out><![CDATA[0.0  0.0
]]></system-out>
  <system-err><![CDATA[]]></system-err>
</testsuite>
