<?xml version="1.0" encoding="UTF-8"?>
<testsuite name="quantity_measurement.QuantityMeasurementTest" tests="8" skipped="0" failures="0" errors="0" timestamp="2020-01-30T06:29:17" hostname="admin1-HP-EliteBook-Folio-9480m" time="0.008">
  <properties/>
  <testcase name="whenGivenZeroInchOrZeroInch_ShouldReturnEquals" classname="quantity_measurement.QuantityMeasurementTest" time="0.002"/>
  <testcase name="whenGivenReference_shouldReturnEqual" classname="quantity_measurement.QuantityMeasurementTest" time="0.001"/>
  <testcase name="whenGivenNullValueForInch_shouldThrowNullException" classname="quantity_measurement.QuantityMeasurementTest" time="0.0"/>
  <testcase name="whenGivenZeroFeetOrZeroFeet_ShouldReturnEquals" classname="quantity_measurement.QuantityMeasurementTest" time="0.0"/>
  <testcase name="whenGivenInchReference_shouldReturnEqual" classname="quantity_measurement.QuantityMeasurementTest" time="0.0"/>
  <testcase name="whenGivenTypeCheckForInch_ShouldReturnEquals" classname="quantity_measurement.QuantityMeasurementTest" time="0.0"/>
  <testcase name="whenGivenNullValue_shouldThrowNullException" classname="quantity_measurement.QuantityMeasurementTest" time="0.0"/>
  <testcase name="whenGivenTypeCheckForFeet_ShouldReturnEquals" classname="quantity_measurement.QuantityMeasurementTest" time="0.0"/>
  <system-out><![CDATA[]]></system-out>
  <system-err><![CDATA[]]></system-err>
</testsuite>
