<?xml version="1.0" encoding="UTF-8"?>
<testsuite name="quantity_measurement.OperationsTest" tests="5" skipped="0" failures="0" errors="0" timestamp="2020-01-29T05:50:58" hostname="admin1-HP-EliteBook-Folio-9480m" time="0.006">
  <properties/>
  <testcase name="whenGivenTwoInch_shouldReturnFiveCentimeter" classname="quantity_measurement.OperationsTest" time="0.003"/>
  <testcase name="whenGivenTwoInchAndTwoInch_shouldReturnFour" classname="quantity_measurement.OperationsTest" time="0.0"/>
  <testcase name="whenGivenOneFeetAndOneFeet_shouldReturnTwentyFourInches" classname="quantity_measurement.OperationsTest" time="0.001"/>
  <testcase name="whenGivenOneFetAndTwoInch_shouldReturnFourteenInches" classname="quantity_measurement.OperationsTest" time="0.0"/>
  <testcase name="whenGivenTwoInchAndTwoPointFiveCm_shouldReturnThreeInches" classname="quantity_measurement.OperationsTest" time="0.0"/>
  <system-out><![CDATA[]]></system-out>
  <system-err><![CDATA[]]></system-err>
</testsuite>
