<?xml version="1.0" encoding="UTF-8"?>
<testsuite name="quantity_measurement.LengthMeasurementTest" tests="1" skipped="0" failures="0" errors="0" timestamp="2020-01-28T07:11:57" hostname="admin1-HP-EliteBook-Folio-9480m" time="0.014">
  <properties/>
  <testcase name="WhenGivenFeetAndInches_shouldReturnEquals" classname="quantity_measurement.LengthMeasurementTest" time="0.014"/>
  <system-out><![CDATA[1.0
]]></system-out>
  <system-err><![CDATA[]]></system-err>
</testsuite>
