<?xml version="1.0" encoding="UTF-8"?>
<testsuite name="quantity_measurement.ValueConversionTest" tests="1" skipped="0" failures="0" errors="0" timestamp="2020-01-30T09:15:12" hostname="admin1-HP-EliteBook-Folio-9480m" time="0.002">
  <properties/>
  <testcase name="whenGivenFahrenheit_shouldReturnCelcius" classname="quantity_measurement.ValueConversionTest" time="0.002"/>
  <system-out><![CDATA[]]></system-out>
  <system-err><![CDATA[]]></system-err>
</testsuite>
