<?xml version="1.0" encoding="UTF-8"?>
<testsuite name="quantity_measurement.ValueConversionTest" tests="19" skipped="0" failures="0" errors="0" timestamp="2020-02-01T05:57:37" hostname="admin1-HP-EliteBook-Folio-9480m" time="0.021">
  <properties/>
  <testcase name="whenGivenOneFeetAndOneYard1_shouldReturnNotequals" classname="quantity_measurement.ValueConversionTest" time="0.003"/>
  <testcase name="whenGivenOneFeetAndOneInch_shouldReturnNotEquals" classname="quantity_measurement.ValueConversionTest" time="0.0"/>
  <testcase name="whenGivenOneGallon_shouldReturnInLitres" classname="quantity_measurement.ValueConversionTest" time="0.001"/>
  <testcase name="whenGivenThreeFeet_shouldReturnOneYard" classname="quantity_measurement.ValueConversionTest" time="0.001"/>
  <testcase name="whenGivenOneYard_shouldReturnThreeFeet" classname="quantity_measurement.ValueConversionTest" time="0.0"/>
  <testcase name="whenGivenThirtySixInch_shouldReturnOneYard" classname="quantity_measurement.ValueConversionTest" time="0.0"/>
  <testcase name="whenGivenOneFeetAndOneInch_shouldReturnEquals" classname="quantity_measurement.ValueConversionTest" time="0.0"/>
  <testcase name="whenGivenOneYard1_shouldReturnThreeFeet" classname="quantity_measurement.ValueConversionTest" time="0.0"/>
  <testcase name="whenGivenOneFeetAndOneYard_shouldReturnNotequals" classname="quantity_measurement.ValueConversionTest" time="0.001"/>
  <testcase name="WhenGivenFeetAndInch_shouldReturnEquals" classname="quantity_measurement.ValueConversionTest" time="0.0"/>
  <testcase name="whenGivenOneYardAndThirtySixInch_shouldReturnEquals" classname="quantity_measurement.ValueConversionTest" time="0.0"/>
  <testcase name="whenGivenOneInchAndOneFeet_shouldReturnNotEquals" classname="quantity_measurement.ValueConversionTest" time="0.0"/>
  <testcase name="whenGivenOneInchAndOneYard_shouldReturnNotEquals" classname="quantity_measurement.ValueConversionTest" time="0.0"/>
  <testcase name="WhenGivenFeetAndInches_shouldReturnEquals" classname="quantity_measurement.ValueConversionTest" time="0.0"/>
  <testcase name="whenGivenOneLitre_shouldReturnInMililitres" classname="quantity_measurement.ValueConversionTest" time="0.0"/>
  <testcase name="whenGivenOneTonee_shouldReturnThousandKgs" classname="quantity_measurement.ValueConversionTest" time="0.001"/>
  <testcase name="whenGivenFahrenheit_shouldReturnCelcius" classname="quantity_measurement.ValueConversionTest" time="0.0"/>
  <testcase name="whenGivenOneKg_shouldReturnThousandGrams" classname="quantity_measurement.ValueConversionTest" time="0.001"/>
  <testcase name="whenGivenThreeFeet1_shouldReturnOneYard" classname="quantity_measurement.ValueConversionTest" time="0.001"/>
  <system-out><![CDATA[]]></system-out>
  <system-err><![CDATA[]]></system-err>
</testsuite>
